<?xml version="1.0" encoding="UTF-8"?>
<testsuite name="ApplesTest" tests="1" skipped="0" failures="0" errors="0" timestamp="2019-04-25T13:29:51" hostname="Ivuska-PC" time="0.006">
  <properties/>
  <testcase name="apples_returnString_printApple" classname="ApplesTest" time="0.006"/>
  <system-out><![CDATA[]]></system-out>
  <system-err><![CDATA[]]></system-err>
</testsuite>
